Koneksi ke database berhasil.
Ditemukan 3 data dengan status 0. Memeriksa kondisi hari...
Proses data LT No: TRABP0825001 (revisi: 2025-10-17, hari kerja berlalu: 6)
-> Berhasil: Status diupdate dan response ditambahkan.
Proses data LT No: TRABP0825004 (revisi: 2025-10-17, hari kerja berlalu: 6)
-> Berhasil: Status diupdate dan response ditambahkan.
Proses data LT No: TRABP0925001 (revisi: 2025-10-17, hari kerja berlalu: 6)
-> Berhasil: Status diupdate dan response ditambahkan.

Proses selesai. Total 3 data telah diproses.
Koneksi database ditutup.
Koneksi ke database berhasil.
Ditemukan 0 data dengan status 0. Memeriksa kondisi hari...

Proses selesai. Total 0 data telah diproses.
Koneksi database ditutup.
Koneksi ke database berhasil.
Ditemukan 0 data dengan status 0. Memeriksa kondisi hari...

Proses selesai. Total 0 data telah diproses.
Koneksi database ditutup.
Koneksi ke database berhasil.
Ditemukan 0 data dengan status 0. Memeriksa kondisi hari...

Proses selesai. Total 0 data telah diproses.
Koneksi database ditutup.
Koneksi ke database berhasil.
Ditemukan 0 data dengan status 0. Memeriksa kondisi hari...

Proses selesai. Total 0 data telah diproses.
Koneksi database ditutup.
Koneksi ke database berhasil.
Ditemukan 0 data dengan status 0. Memeriksa kondisi hari...

Proses selesai. Total 0 data telah diproses.
Koneksi database ditutup.
Koneksi ke database berhasil.
Ditemukan 0 data dengan status 0. Memeriksa kondisi hari...

Proses selesai. Total 0 data telah diproses.
Koneksi database ditutup.
Koneksi ke database berhasil.
Ditemukan 0 data dengan status 0. Memeriksa kondisi hari...

Proses selesai. Total 0 data telah diproses.
Koneksi database ditutup.
Koneksi ke database berhasil.
Ditemukan 0 data dengan status 0. Memeriksa kondisi hari...

Proses selesai. Total 0 data telah diproses.
Koneksi database ditutup.
Koneksi ke database berhasil.
Ditemukan 0 data dengan status 0. Memeriksa kondisi hari...

Proses selesai. Total 0 data telah diproses.
Koneksi database ditutup.
Koneksi ke database berhasil.
Ditemukan 0 data dengan status 0. Memeriksa kondisi hari...

Proses selesai. Total 0 data telah diproses.
Koneksi database ditutup.
Koneksi ke database berhasil.
Ditemukan 0 data dengan status 0. Memeriksa kondisi hari...

Proses selesai. Total 0 data telah diproses.
Koneksi database ditutup.
Koneksi ke database berhasil.
Ditemukan 0 data dengan status 0. Memeriksa kondisi hari...

Proses selesai. Total 0 data telah diproses.
Koneksi database ditutup.
Koneksi ke database berhasil.
Ditemukan 0 data dengan status 0. Memeriksa kondisi hari...

Proses selesai. Total 0 data telah diproses.
Koneksi database ditutup.
Koneksi ke database berhasil.
Ditemukan 0 data dengan status 0. Memeriksa kondisi hari...

Proses selesai. Total 0 data telah diproses.
Koneksi database ditutup.
Koneksi ke database berhasil.
Ditemukan 0 data dengan status 0. Memeriksa kondisi hari...

Proses selesai. Total 0 data telah diproses.
Koneksi database ditutup.
Koneksi ke database berhasil.
Ditemukan 0 data dengan status 0. Memeriksa kondisi hari...

Proses selesai. Total 0 data telah diproses.
Koneksi database ditutup.
Koneksi ke database berhasil.
Ditemukan 0 data dengan status 0. Memeriksa kondisi hari...

Proses selesai. Total 0 data telah diproses.
Koneksi database ditutup.
Koneksi ke database berhasil.
Ditemukan 0 data dengan status 0. Memeriksa kondisi hari...

Proses selesai. Total 0 data telah diproses.
Koneksi database ditutup.
Koneksi ke database berhasil.
Ditemukan 0 data dengan status 0. Memeriksa kondisi hari...

Proses selesai. Total 0 data telah diproses.
Koneksi database ditutup.
Koneksi ke database berhasil.
Ditemukan 0 data dengan status 0. Memeriksa kondisi hari...

Proses selesai. Total 0 data telah diproses.
Koneksi database ditutup.
Koneksi ke database berhasil.
Ditemukan 0 data dengan status 0. Memeriksa kondisi hari...

Proses selesai. Total 0 data telah diproses.
Koneksi database ditutup.
Koneksi ke database berhasil.
Ditemukan 0 data dengan status 0. Memeriksa kondisi hari...

Proses selesai. Total 0 data telah diproses.
Koneksi database ditutup.
Koneksi ke database berhasil.
Ditemukan 0 data dengan status 0. Memeriksa kondisi hari...

Proses selesai. Total 0 data telah diproses.
Koneksi database ditutup.
Koneksi ke database berhasil.
Ditemukan 0 data dengan status 0. Memeriksa kondisi hari...

Proses selesai. Total 0 data telah diproses.
Koneksi database ditutup.
Koneksi ke database berhasil.
Ditemukan 0 data dengan status 0. Memeriksa kondisi hari...

Proses selesai. Total 0 data telah diproses.
Koneksi database ditutup.
Koneksi ke database berhasil.
Ditemukan 0 data dengan status 0. Memeriksa kondisi hari...

Proses selesai. Total 0 data telah diproses.
Koneksi database ditutup.
Koneksi ke database berhasil.
Ditemukan 0 data dengan status 0. Memeriksa kondisi hari...

Proses selesai. Total 0 data telah diproses.
Koneksi database ditutup.
